Starting Script: Tue Dec 17 11:40:07 EST 2019
------------------------------------------------------
Job is running on node n250.cluster
------------------------------------------------------
PBS: qsub is running on viz3.acg.maine.edu
PBS: executing queue is skylake
PBS: working directory is /nfs3-home/jtalbot/ISH2019_CamelRumenRNASeqAnalysis/analysis
PBS: job identifier is 150532.gromit
PBS: job name is ISH2019_trim
PBS: node file is /var/spool/torque/aux//150532.gromit
PBS: current home directory is /home/jtalbot
PBS: PATH = /opt/modules/centos7/netcdf/intel-2016/bin:/opt/modules/centos7/mvapich2/2.1/intel-2016.0.109/bin:/opt/modules/centos7/intel/compilers_and_libraries_2016.0.109/linux/mpirt/bin/intel64:/opt/modules/centos7/intel/compilers_and_libraries_2016.0.109/linux/bin/intel64:/usr/lib64/qt-3.3/bin:/opt/moab/bin:/opt/modules/universal/ferret/bin:/usr/local/bin:/usr/bin:/usr/local/sbin:/usr/sbin:/home/jtalbot/bin
PBS: tempdir =
------------------------------------------------------
*************************************************************************
Variable Definition for:
    - src/trimFQ.sh
*************************************************************************

Input Files
R1 FASTQ files:
../data/raw_sequences/sample_R1.fq.gz

R2 FASTQ files:
../data/raw_sequences/sample_R2.fq.gz

Output Folders
First FASTQC Run: ../results/fastqc_pre-trim/
Trimmed FASTQ: ../data/trimmed/
Second FASTQC Run: ../results/fastqc_post-trim/

Trimmomatic Details
Location of adapter FASTA: ../data/TruSeq3-PE-2.fa
Trimmomatic Variables:
ILLUMINACLIP:TruSeq3-PE-2.fa:2:12:6 LEADING:10 TRAILING:10 SLIDINGWINDOW:5:16 MINLEN:30


java -jar 
Error: -jar requires jar file specification
Usage: java [-options] class [args...]
           (to execute a class)
   or  java [-options] -jar jarfile [args...]
           (to execute a jar file)
where options include:
    -d32	  use a 32-bit data model if available
    -d64	  use a 64-bit data model if available
    -server	  to select the "server" VM
                  The default VM is server,
                  because you are running on a server-class machine.


    -cp <class search path of directories and zip/jar files>
    -classpath <class search path of directories and zip/jar files>
                  A : separated list of directories, JAR archives,
                  and ZIP archives to search for class files.
    -D<name>=<value>
                  set a system property
    -verbose:[class|gc|jni]
                  enable verbose output
    -version      print product version and exit
    -version:<value>
                  Warning: this feature is deprecated and will be removed
                  in a future release.
                  require the specified version to run
    -showversion  print product version and continue
    -jre-restrict-search | -no-jre-restrict-search
                  Warning: this feature is deprecated and will be removed
                  in a future release.
                  include/exclude user private JREs in the version search
    -? -help      print this help message
    -X            print help on non-standard options
    -ea[:<packagename>...|:<classname>]
    -enableassertions[:<packagename>...|:<classname>]
                  enable assertions with specified granularity
    -da[:<packagename>...|:<classname>]
    -disableassertions[:<packagename>...|:<classname>]
                  disable assertions with specified granularity
    -esa | -enablesystemassertions
                  enable system assertions
    -dsa | -disablesystemassertions
                  disable system assertions
    -agentlib:<libname>[=<options>]
                  load native agent library <libname>, e.g. -agentlib:hprof
                  see also, -agentlib:jdwp=help and -agentlib:hprof=help
    -agentpath:<pathname>[=<options>]
                  load native agent library by full pathname
    -javaagent:<jarpath>[=<options>]
                  load Java programming language agent, see java.lang.instrument
    -splash:<imagepath>
                  show splash screen with specified image
See http://www.oracle.com/technetwork/java/javase/documentation/index.html for more details.

java -jar trimmomatic
Error: Unable to access jarfile trimmomatic

java -jar trimmomatic.jar
Error: Unable to access jarfile trimmomatic.jar

Finished Script: Tue Dec 17 11:40:07 EST 2019
