Starting Script: Sat Dec 28 22:57:07 EST 2019
------------------------------------------------------
Job is running on node n248.cluster
n248.cluster
n248.cluster
n248.cluster
n248.cluster
n248.cluster
n248.cluster
n248.cluster
------------------------------------------------------
PBS: qsub is running on viz3.acg.maine.edu
PBS: executing queue is skylake
PBS: working directory is /nfs3-home/jtalbot/ISH2019_CamelRumenRNASeqAnalysis/analysis
PBS: job identifier is 151509.gromit
PBS: job name is ISH2019_buildLib
PBS: node file is /var/spool/torque/aux//151509.gromit
PBS: current home directory is /home/jtalbot
PBS: PATH = /opt/modules/centos7/netcdf/intel-2016/bin:/opt/modules/centos7/mvapich2/2.1/intel-2016.0.109/bin:/opt/modules/centos7/intel/compilers_and_libraries_2016.0.109/linux/mpirt/bin/intel64:/opt/modules/centos7/intel/compilers_and_libraries_2016.0.109/linux/bin/intel64:/usr/lib64/qt-3.3/bin:/opt/moab/bin:/opt/modules/universal/ferret/bin:/usr/local/bin:/usr/bin:/usr/local/sbin:/usr/sbin:/home/jtalbot/bin
PBS: tempdir = /scratch/151509.gromit
------------------------------------------------------
************************************************************************
Building Libraries
************************************************************************

Creating base directory for completed libraries
/nfs3-home/jtalbot/ISH2019_CamelRumenRNASeqAnalysis/analysis/../data/reference_sequences/bowtie_libraries/
1
Sat Dec 28 22:57:07 EST 2019 - Building Eukaryotic rDNA Bowtie Library
mv: cannot stat 'arb-silva.de_2019-12-24_id760523.tgz': No such file or directory
tar (child): *.tgz: Cannot open: No such file or directory
tar (child): Error is not recoverable: exiting now
tar: Child returned status 2
tar: Error is not recoverable: exiting now
Settings:
  Output files: "silva_euk_rDNA.*.bt2"
  Line rate: 6 (line is 64 bytes)
  Lines per side: 1 (side is 64 bytes)
  Offset rate: 4 (one in 16)
  FTable chars: 10
  Strings: unpacked
  Max bucket size: default
  Max bucket size, sqrt multiplier: default
  Max bucket size, len divisor: 64
  Difference-cover sample period: 1024
  Endianness: little
  Actual local endianness: little
  Sanity checking: disabled
  Assertions: disabled
  Random seed: 1143
  Sizeofs: void*:8, int:4, long:8, size_t:8
Input files DNA, FASTA:
  *.fa*
Error: could not open *.fa*
Total time for call to driver() for forward index: 00:00:00
Error: Encountered internal Bowtie 2 exception (#1)
Command: /opt/modules/centos7/bowtie2/2.3.4.3/bowtie2-build-s --wrapper basic-0 --seed 1143 --threads 16 -f *.fa* silva_euk_rDNA 
rm: cannot remove '*.tgz': No such file or directory
rm: cannot remove '*.fa*': No such file or directory
mv: cannot stat 'silva_euk_rDNA.*': No such file or directory
Sat Dec 28 22:57:07 EST 2019 - silva_euk_rDNA library complete

************************************************************************
Finished building libraries
************************************************************************
Finished Script: Sat Dec 28 22:57:07 EST 2019
