Starting Script: Mon Dec 30 21:00:56 EST 2019
------------------------------------------------------
Job is running on node n250.cluster
n250.cluster
n250.cluster
n250.cluster
n250.cluster
n250.cluster
n250.cluster
n250.cluster
n250.cluster
n250.cluster
n250.cluster
n250.cluster
n250.cluster
n250.cluster
n250.cluster
n250.cluster
------------------------------------------------------
PBS: qsub is running on viz3.acg.maine.edu
PBS: executing queue is skylake
PBS: working directory is /nfs3-home/jtalbot/ISH2019_CamelRumenRNASeqAnalysis/analysis
PBS: job identifier is 151823.gromit
PBS: job name is ISH2019_filterB
PBS: node file is /var/spool/torque/aux//151823.gromit
PBS: current home directory is /home/jtalbot
PBS: PATH = /opt/modules/centos7/netcdf/intel-2016/bin:/opt/modules/centos7/mvapich2/2.1/intel-2016.0.109/bin:/opt/modules/centos7/intel/compilers_and_libraries_2016.0.109/linux/mpirt/bin/intel64:/opt/modules/centos7/intel/compilers_and_libraries_2016.0.109/linux/bin/intel64:/usr/lib64/qt-3.3/bin:/opt/moab/bin:/opt/modules/universal/ferret/bin:/usr/local/bin:/usr/bin:/usr/local/sbin:/usr/sbin:/home/jtalbot/bin
PBS: tempdir = /scratch/151823.gromit
------------------------------------------------------
*************************************************************************
Variable Definition for:
    - src/runBowtieFilter.sh
*************************************************************************

Input Files (FASTA sequences)
R1 FASTQ files:
/nfs3-home/jtalbot/ISH2019_CamelRumenRNASeqAnalysis/analysis/../data/trimmed/trimmed.paired.sample_R1.fq.gz

R2 FASTQ files:
/nfs3-home/jtalbot/ISH2019_CamelRumenRNASeqAnalysis/analysis/../data/trimmed/trimmed.paired.sample_R2.fq.gz

R0 FASTQ files (unpaired):
/nfs3-home/jtalbot/ISH2019_CamelRumenRNASeqAnalysis/analysis/../data/trimmed/trimmed.unpaired.sample_R0.fq.gz

Reference Library

Library files:
/nfs3-home/jtalbot/ISH2019_CamelRumenRNASeqAnalysis/analysis/../data/reference_sequences/bowtie_libraries/silva_euk_rDNA.1.bt2
/nfs3-home/jtalbot/ISH2019_CamelRumenRNASeqAnalysis/analysis/../data/reference_sequences/bowtie_libraries/silva_euk_rDNA.2.bt2
/nfs3-home/jtalbot/ISH2019_CamelRumenRNASeqAnalysis/analysis/../data/reference_sequences/bowtie_libraries/silva_euk_rDNA.3.bt2
/nfs3-home/jtalbot/ISH2019_CamelRumenRNASeqAnalysis/analysis/../data/reference_sequences/bowtie_libraries/silva_euk_rDNA.4.bt2
/nfs3-home/jtalbot/ISH2019_CamelRumenRNASeqAnalysis/analysis/../data/reference_sequences/bowtie_libraries/silva_euk_rDNA.rev.1.bt2
/nfs3-home/jtalbot/ISH2019_CamelRumenRNASeqAnalysis/analysis/../data/reference_sequences/bowtie_libraries/silva_euk_rDNA.rev.2.bt2
/nfs3-home/jtalbot/ISH2019_CamelRumenRNASeqAnalysis/analysis/../data/reference_sequences/bowtie_libraries/silva_arch_rDNA.1.bt2
/nfs3-home/jtalbot/ISH2019_CamelRumenRNASeqAnalysis/analysis/../data/reference_sequences/bowtie_libraries/silva_arch_rDNA.2.bt2
/nfs3-home/jtalbot/ISH2019_CamelRumenRNASeqAnalysis/analysis/../data/reference_sequences/bowtie_libraries/silva_arch_rDNA.3.bt2
/nfs3-home/jtalbot/ISH2019_CamelRumenRNASeqAnalysis/analysis/../data/reference_sequences/bowtie_libraries/silva_arch_rDNA.4.bt2
/nfs3-home/jtalbot/ISH2019_CamelRumenRNASeqAnalysis/analysis/../data/reference_sequences/bowtie_libraries/silva_arch_rDNA.rev.1.bt2
/nfs3-home/jtalbot/ISH2019_CamelRumenRNASeqAnalysis/analysis/../data/reference_sequences/bowtie_libraries/silva_arch_rDNA.rev.2.bt2
/nfs3-home/jtalbot/ISH2019_CamelRumenRNASeqAnalysis/analysis/../data/reference_sequences/bowtie_libraries/silva_prok_rDNA.1.bt2l
/nfs3-home/jtalbot/ISH2019_CamelRumenRNASeqAnalysis/analysis/../data/reference_sequences/bowtie_libraries/silva_prok_rDNA.2.bt2l
/nfs3-home/jtalbot/ISH2019_CamelRumenRNASeqAnalysis/analysis/../data/reference_sequences/bowtie_libraries/silva_prok_rDNA.3.bt2l
/nfs3-home/jtalbot/ISH2019_CamelRumenRNASeqAnalysis/analysis/../data/reference_sequences/bowtie_libraries/silva_prok_rDNA.4.bt2l
/nfs3-home/jtalbot/ISH2019_CamelRumenRNASeqAnalysis/analysis/../data/reference_sequences/bowtie_libraries/silva_prok_rDNA.rev.1.bt2l
/nfs3-home/jtalbot/ISH2019_CamelRumenRNASeqAnalysis/analysis/../data/reference_sequences/bowtie_libraries/silva_prok_rDNA.rev.2.bt2l

Bowtie alignment parameters:
--phred33 --fast-end-to-end --sam-no-qname-trunc --threads 16 --seed 1143

Output Folders
Bowtie Results: /nfs3-home/jtalbot/ISH2019_CamelRumenRNASeqAnalysis/analysis/../results/bowtie/
Filtered Reads: /nfs3-home/jtalbot/ISH2019_CamelRumenRNASeqAnalysis/analysis/../data/filtered_reads/

************************************************************************
Filtering reads with Bowtie2
************************************************************************

Looping through FASTQ files to run bowtie2

Copying bowtie2 libraries to /scratch/151823.gromit
silva_arch_rDNA.1.bt2
silva_arch_rDNA.2.bt2
silva_arch_rDNA.3.bt2
silva_arch_rDNA.4.bt2
silva_arch_rDNA.rev.1.bt2
silva_arch_rDNA.rev.2.bt2
silva_euk_rDNA.1.bt2
silva_euk_rDNA.2.bt2
silva_euk_rDNA.3.bt2
silva_euk_rDNA.4.bt2
silva_euk_rDNA.rev.1.bt2
silva_euk_rDNA.rev.2.bt2
silva_prok_rDNA.1.bt2l
silva_prok_rDNA.2.bt2l
silva_prok_rDNA.3.bt2l
silva_prok_rDNA.4.bt2l
silva_prok_rDNA.rev.1.bt2l
silva_prok_rDNA.rev.2.bt2l

Starting to loop through FASTQ file sets
*************************************
  Processing sample sequence files
    1. copying initial sequence files from /nfs3-home/jtalbot/ISH2019_CamelRumenRNASeqAnalysis/analysis/../data/trimmed/
    2. adjusting filenames to match pattern used in looping
total 17174140
-rw-r--r-- 1 jtalbot sfa      60012 Dec 30 21:01 R0.fq
-rw-r--r-- 1 jtalbot sfa     665093 Dec 30 21:01 R1.fq
-rw-r--r-- 1 jtalbot sfa     661209 Dec 30 21:01 R2.fq
drwxr-xr-x 2 jtalbot sfa       4096 Dec 30 21:01 sample
-rw-r--r-- 1 jtalbot sfa  134440186 Dec 30 21:00 silva_arch_rDNA.1.bt2
-rw-r--r-- 1 jtalbot sfa   64937192 Dec 30 21:00 silva_arch_rDNA.2.bt2
-rw-r--r-- 1 jtalbot sfa    3471713 Dec 30 21:00 silva_arch_rDNA.3.bt2
-rw-r--r-- 1 jtalbot sfa   64937186 Dec 30 21:00 silva_arch_rDNA.4.bt2
-rw-r--r-- 1 jtalbot sfa  134440186 Dec 30 21:00 silva_arch_rDNA.rev.1.bt2
-rw-r--r-- 1 jtalbot sfa   64937192 Dec 30 21:00 silva_arch_rDNA.rev.2.bt2
-rw-r--r-- 1 jtalbot sfa  285576911 Dec 30 21:00 silva_euk_rDNA.1.bt2
-rw-r--r-- 1 jtalbot sfa  127035488 Dec 30 21:00 silva_euk_rDNA.2.bt2
-rw-r--r-- 1 jtalbot sfa    6695657 Dec 30 21:00 silva_euk_rDNA.3.bt2
-rw-r--r-- 1 jtalbot sfa  127035481 Dec 30 21:00 silva_euk_rDNA.4.bt2
-rw-r--r-- 1 jtalbot sfa  285576911 Dec 30 21:00 silva_euk_rDNA.rev.1.bt2
-rw-r--r-- 1 jtalbot sfa  127035488 Dec 30 21:00 silva_euk_rDNA.rev.2.bt2
-rw-r--r-- 1 jtalbot sfa 3617103160 Dec 30 21:01 silva_prok_rDNA.1.bt2l
-rw-r--r-- 1 jtalbot sfa 3499525364 Dec 30 21:01 silva_prok_rDNA.2.bt2l
-rw-r--r-- 1 jtalbot sfa  158468725 Dec 30 21:01 silva_prok_rDNA.3.bt2l
-rw-r--r-- 1 jtalbot sfa 1749762677 Dec 30 21:01 silva_prok_rDNA.4.bt2l
-rw-r--r-- 1 jtalbot sfa 3617103160 Dec 30 21:01 silva_prok_rDNA.rev.1.bt2l
-rw-r--r-- 1 jtalbot sfa 3499525364 Dec 30 21:01 silva_prok_rDNA.rev.2.bt2l
    3a. Filtering against silva_euk_rDNA
/usr/bin/env: perl: No such file or directory
/usr/bin/env: perl: No such file or directory
    3b. Preparing for next library
cp: cannot stat '/scratch/151823.gromit/sample/silva_euk_rDNA-sample_R1.fq': No such file or directory
cp: cannot stat '/scratch/151823.gromit/sample/silva_euk_rDNA-sample_R2.fq': No such file or directory
cat: /scratch/151823.gromit/sample/silva_euk_rDNA-sample_R0a.fq: No such file or directory
cat: /scratch/151823.gromit/sample/silva_euk_rDNA-sample_R0b.fq: No such file or directory
wc: /scratch/151823.gromit/sample/silva_euk_rDNA-sample_R1.fq: No such file or directory
wc: /scratch/151823.gromit/sample/silva_euk_rDNA-sample_R2.fq: No such file or directory
wc: /scratch/151823.gromit/sample/silva_euk_rDNA-sample_R0a.fq: No such file or directory
wc: /scratch/151823.gromit/sample/silva_euk_rDNA-sample_R0b.fq: No such file or directory
rm: cannot remove '/scratch/151823.gromit/sample/silva_euk_rDNA-sample_R1.fq': No such file or directory
rm: cannot remove '/scratch/151823.gromit/sample/silva_euk_rDNA-sample_R2.fq': No such file or directory
rm: cannot remove '/scratch/151823.gromit/sample/silva_euk_rDNA-sample_R0a.fq': No such file or directory
rm: cannot remove '/scratch/151823.gromit/sample/silva_euk_rDNA-sample_R0b.fq': No such file or directory
cp: cannot stat '/scratch/151823.gromit/sample/*.sam': No such file or directory
rm: cannot remove '/scratch/151823.gromit/sample/*.sam': No such file or directory
    4a. Filtering against silva_arch_rDNA
/usr/bin/env: perl: No such file or directory
/usr/bin/env: perl: No such file or directory
    4b. Preparing for next library
cp: cannot stat '/scratch/151823.gromit/sample/silva_arch_rDNA-sample_R1.fq': No such file or directory
cp: cannot stat '/scratch/151823.gromit/sample/silva_arch_rDNA-sample_R2.fq': No such file or directory
cat: /scratch/151823.gromit/sample/silva_arch_rDNA-sample_R0a.fq: No such file or directory
cat: /scratch/151823.gromit/sample/silva_arch_rDNA-sample_R0b.fq: No such file or directory
wc: /scratch/151823.gromit/sample/silva_arch_rDNA-sample_R1.fq: No such file or directory
wc: /scratch/151823.gromit/sample/silva_arch_rDNA-sample_R2.fq: No such file or directory
wc: /scratch/151823.gromit/sample/silva_arch_rDNA-sample_R0a.fq: No such file or directory
wc: /scratch/151823.gromit/sample/silva_arch_rDNA-sample_R0b.fq: No such file or directory
rm: cannot remove '/scratch/151823.gromit/sample/silva_arch_rDNA-sample_R1.fq': No such file or directory
rm: cannot remove '/scratch/151823.gromit/sample/silva_arch_rDNA-sample_R2.fq': No such file or directory
rm: cannot remove '/scratch/151823.gromit/sample/silva_arch_rDNA-sample_R0a.fq': No such file or directory
rm: cannot remove '/scratch/151823.gromit/sample/silva_arch_rDNA-sample_R0b.fq': No such file or directory
cp: cannot stat '/scratch/151823.gromit/sample/*.sam': No such file or directory
rm: cannot remove '/scratch/151823.gromit/sample/*.sam': No such file or directory
    5a. Filtering against silva_prok_rDNA
/usr/bin/env: perl: No such file or directory
/usr/bin/env: perl: No such file or directory
    5b. Preparing for next library
cp: cannot stat '/scratch/151823.gromit/sample/silva_prok_rDNA-sample_R1.fq': No such file or directory
cp: cannot stat '/scratch/151823.gromit/sample/silva_prok_rDNA-sample_R2.fq': No such file or directory
cat: /scratch/151823.gromit/sample/silva_prok_rDNA-sample_R0a.fq: No such file or directory
cat: /scratch/151823.gromit/sample/silva_prok_rDNA-sample_R0b.fq: No such file or directory
wc: /scratch/151823.gromit/sample/silva_prok_rDNA-sample_R1.fq: No such file or directory
wc: /scratch/151823.gromit/sample/silva_prok_rDNA-sample_R2.fq: No such file or directory
wc: /scratch/151823.gromit/sample/silva_prok_rDNA-sample_R0a.fq: No such file or directory
wc: /scratch/151823.gromit/sample/silva_prok_rDNA-sample_R0b.fq: No such file or directory
rm: cannot remove '/scratch/151823.gromit/sample/silva_prok_rDNA-sample_R1.fq': No such file or directory
rm: cannot remove '/scratch/151823.gromit/sample/silva_prok_rDNA-sample_R2.fq': No such file or directory
rm: cannot remove '/scratch/151823.gromit/sample/silva_prok_rDNA-sample_R0a.fq': No such file or directory
rm: cannot remove '/scratch/151823.gromit/sample/silva_prok_rDNA-sample_R0b.fq': No such file or directory
cp: cannot stat '/scratch/151823.gromit/sample/*.sam': No such file or directory
rm: cannot remove '/scratch/151823.gromit/sample/*.sam': No such file or directory
    6. Moving final filtered sequences to /nfs3-home/jtalbot/ISH2019_CamelRumenRNASeqAnalysis/analysis/../data/filtered_reads/

************************************************************************
Finished filtering sequences
************************************************************************
Finished Script: Mon Dec 30 21:01:54 EST 2019
