Starting Script: Mon Dec 30 21:58:29 EST 2019
------------------------------------------------------
Job is running on node n250.cluster
n250.cluster
n250.cluster
n250.cluster
n250.cluster
n250.cluster
n250.cluster
n250.cluster
n250.cluster
n250.cluster
n250.cluster
n250.cluster
n250.cluster
n250.cluster
n250.cluster
n250.cluster
------------------------------------------------------
PBS: qsub is running on viz3.acg.maine.edu
PBS: executing queue is skylake
PBS: working directory is /nfs3-home/jtalbot/ISH2019_CamelRumenRNASeqAnalysis/analysis
PBS: job identifier is 151825.gromit
PBS: job name is ISH2019_filterB
PBS: node file is /var/spool/torque/aux//151825.gromit
PBS: current home directory is /home/jtalbot
PBS: PATH = /opt/modules/centos7/netcdf/intel-2016/bin:/opt/modules/centos7/mvapich2/2.1/intel-2016.0.109/bin:/opt/modules/centos7/intel/compilers_and_libraries_2016.0.109/linux/mpirt/bin/intel64:/opt/modules/centos7/intel/compilers_and_libraries_2016.0.109/linux/bin/intel64:/usr/lib64/qt-3.3/bin:/opt/moab/bin:/opt/modules/universal/ferret/bin:/usr/local/bin:/usr/bin:/usr/local/sbin:/usr/sbin:/home/jtalbot/bin
PBS: tempdir = /scratch/151825.gromit
------------------------------------------------------
*************************************************************************
Variable Definition for:
    - src/runBowtieFilter.sh
*************************************************************************

Input Files (FASTA sequences)
R1 FASTQ files:
/nfs3-home/jtalbot/ISH2019_CamelRumenRNASeqAnalysis/analysis/../data/trimmed/trimmed.paired.sample_R1.fq.gz

R2 FASTQ files:
/nfs3-home/jtalbot/ISH2019_CamelRumenRNASeqAnalysis/analysis/../data/trimmed/trimmed.paired.sample_R2.fq.gz

R0 FASTQ files (unpaired):
/nfs3-home/jtalbot/ISH2019_CamelRumenRNASeqAnalysis/analysis/../data/trimmed/trimmed.unpaired.sample_R0.fq.gz

Reference Library

Library files:
/nfs3-home/jtalbot/ISH2019_CamelRumenRNASeqAnalysis/analysis/../data/reference_sequences/bowtie_libraries/silva_euk_rDNA.1.bt2
/nfs3-home/jtalbot/ISH2019_CamelRumenRNASeqAnalysis/analysis/../data/reference_sequences/bowtie_libraries/silva_euk_rDNA.2.bt2
/nfs3-home/jtalbot/ISH2019_CamelRumenRNASeqAnalysis/analysis/../data/reference_sequences/bowtie_libraries/silva_euk_rDNA.3.bt2
/nfs3-home/jtalbot/ISH2019_CamelRumenRNASeqAnalysis/analysis/../data/reference_sequences/bowtie_libraries/silva_euk_rDNA.4.bt2
/nfs3-home/jtalbot/ISH2019_CamelRumenRNASeqAnalysis/analysis/../data/reference_sequences/bowtie_libraries/silva_euk_rDNA.rev.1.bt2
/nfs3-home/jtalbot/ISH2019_CamelRumenRNASeqAnalysis/analysis/../data/reference_sequences/bowtie_libraries/silva_euk_rDNA.rev.2.bt2
/nfs3-home/jtalbot/ISH2019_CamelRumenRNASeqAnalysis/analysis/../data/reference_sequences/bowtie_libraries/silva_arch_rDNA.1.bt2
/nfs3-home/jtalbot/ISH2019_CamelRumenRNASeqAnalysis/analysis/../data/reference_sequences/bowtie_libraries/silva_arch_rDNA.2.bt2
/nfs3-home/jtalbot/ISH2019_CamelRumenRNASeqAnalysis/analysis/../data/reference_sequences/bowtie_libraries/silva_arch_rDNA.3.bt2
/nfs3-home/jtalbot/ISH2019_CamelRumenRNASeqAnalysis/analysis/../data/reference_sequences/bowtie_libraries/silva_arch_rDNA.4.bt2
/nfs3-home/jtalbot/ISH2019_CamelRumenRNASeqAnalysis/analysis/../data/reference_sequences/bowtie_libraries/silva_arch_rDNA.rev.1.bt2
/nfs3-home/jtalbot/ISH2019_CamelRumenRNASeqAnalysis/analysis/../data/reference_sequences/bowtie_libraries/silva_arch_rDNA.rev.2.bt2
/nfs3-home/jtalbot/ISH2019_CamelRumenRNASeqAnalysis/analysis/../data/reference_sequences/bowtie_libraries/silva_prok_rDNA.1.bt2l
/nfs3-home/jtalbot/ISH2019_CamelRumenRNASeqAnalysis/analysis/../data/reference_sequences/bowtie_libraries/silva_prok_rDNA.2.bt2l
/nfs3-home/jtalbot/ISH2019_CamelRumenRNASeqAnalysis/analysis/../data/reference_sequences/bowtie_libraries/silva_prok_rDNA.3.bt2l
/nfs3-home/jtalbot/ISH2019_CamelRumenRNASeqAnalysis/analysis/../data/reference_sequences/bowtie_libraries/silva_prok_rDNA.4.bt2l
/nfs3-home/jtalbot/ISH2019_CamelRumenRNASeqAnalysis/analysis/../data/reference_sequences/bowtie_libraries/silva_prok_rDNA.rev.1.bt2l
/nfs3-home/jtalbot/ISH2019_CamelRumenRNASeqAnalysis/analysis/../data/reference_sequences/bowtie_libraries/silva_prok_rDNA.rev.2.bt2l
ls: cannot access /nfs3-home/jtalbot/ISH2019_CamelRumenRNASeqAnalysis/analysis/../data/reference_sequences/bowtie_libraries/camel_gDNA.*: No such file or directory
ls: cannot access /nfs3-home/jtalbot/ISH2019_CamelRumenRNASeqAnalysis/analysis/../data/reference_sequences/bowtie_libraries/carp_gDNA.*: No such file or directory
ls: cannot access /nfs3-home/jtalbot/ISH2019_CamelRumenRNASeqAnalysis/analysis/../data/reference_sequences/bowtie_libraries/mosaic_virus_gDNA.*: No such file or directory

Bowtie alignment parameters:
--phred33 --fast-end-to-end --sam-no-qname-trunc --threads 16 --seed 1143

Output Folders
Bowtie Results: /nfs3-home/jtalbot/ISH2019_CamelRumenRNASeqAnalysis/analysis/../results/bowtie/
Filtered Reads: /nfs3-home/jtalbot/ISH2019_CamelRumenRNASeqAnalysis/analysis/../data/filtered_reads/

************************************************************************
Filtering reads with Bowtie2
************************************************************************

Looping through FASTQ files to run bowtie2

Copying bowtie2 libraries to /scratch/151825.gromit
cp: cannot stat '/nfs3-home/jtalbot/ISH2019_CamelRumenRNASeqAnalysis/analysis/../data/reference_sequences/bowtie_libraries/camel_gDNA.*': No such file or directory
cp: cannot stat '/nfs3-home/jtalbot/ISH2019_CamelRumenRNASeqAnalysis/analysis/../data/reference_sequences/bowtie_libraries/carp_gDNA.*': No such file or directory
cp: cannot stat '/nfs3-home/jtalbot/ISH2019_CamelRumenRNASeqAnalysis/analysis/../data/reference_sequences/bowtie_libraries/mosaic_virus_gDNA.*': No such file or directory
silva_arch_rDNA.1.bt2
silva_arch_rDNA.2.bt2
silva_arch_rDNA.3.bt2
silva_arch_rDNA.4.bt2
silva_arch_rDNA.rev.1.bt2
silva_arch_rDNA.rev.2.bt2
silva_euk_rDNA.1.bt2
silva_euk_rDNA.2.bt2
silva_euk_rDNA.3.bt2
silva_euk_rDNA.4.bt2
silva_euk_rDNA.rev.1.bt2
silva_euk_rDNA.rev.2.bt2
silva_prok_rDNA.1.bt2l
silva_prok_rDNA.2.bt2l
silva_prok_rDNA.3.bt2l
silva_prok_rDNA.4.bt2l
silva_prok_rDNA.rev.1.bt2l
silva_prok_rDNA.rev.2.bt2l

Starting to loop through FASTQ file sets
*************************************
  Processing sample sequence files
    1. copying initial sequence files from /nfs3-home/jtalbot/ISH2019_CamelRumenRNASeqAnalysis/analysis/../data/trimmed/
    2. adjusting filenames to match pattern used in looping
total 17174140
-rw-r--r-- 1 jtalbot sfa      60012 Dec 30 21:58 R0.fq
-rw-r--r-- 1 jtalbot sfa     665093 Dec 30 21:58 R1.fq
-rw-r--r-- 1 jtalbot sfa     661209 Dec 30 21:58 R2.fq
drwxr-xr-x 2 jtalbot sfa       4096 Dec 30 21:58 sample
-rw-r--r-- 1 jtalbot sfa  134440186 Dec 30 21:58 silva_arch_rDNA.1.bt2
-rw-r--r-- 1 jtalbot sfa   64937192 Dec 30 21:58 silva_arch_rDNA.2.bt2
-rw-r--r-- 1 jtalbot sfa    3471713 Dec 30 21:58 silva_arch_rDNA.3.bt2
-rw-r--r-- 1 jtalbot sfa   64937186 Dec 30 21:58 silva_arch_rDNA.4.bt2
-rw-r--r-- 1 jtalbot sfa  134440186 Dec 30 21:58 silva_arch_rDNA.rev.1.bt2
-rw-r--r-- 1 jtalbot sfa   64937192 Dec 30 21:58 silva_arch_rDNA.rev.2.bt2
-rw-r--r-- 1 jtalbot sfa  285576911 Dec 30 21:58 silva_euk_rDNA.1.bt2
-rw-r--r-- 1 jtalbot sfa  127035488 Dec 30 21:58 silva_euk_rDNA.2.bt2
-rw-r--r-- 1 jtalbot sfa    6695657 Dec 30 21:58 silva_euk_rDNA.3.bt2
-rw-r--r-- 1 jtalbot sfa  127035481 Dec 30 21:58 silva_euk_rDNA.4.bt2
-rw-r--r-- 1 jtalbot sfa  285576911 Dec 30 21:58 silva_euk_rDNA.rev.1.bt2
-rw-r--r-- 1 jtalbot sfa  127035488 Dec 30 21:58 silva_euk_rDNA.rev.2.bt2
-rw-r--r-- 1 jtalbot sfa 3617103160 Dec 30 21:58 silva_prok_rDNA.1.bt2l
-rw-r--r-- 1 jtalbot sfa 3499525364 Dec 30 21:58 silva_prok_rDNA.2.bt2l
-rw-r--r-- 1 jtalbot sfa  158468725 Dec 30 21:58 silva_prok_rDNA.3.bt2l
-rw-r--r-- 1 jtalbot sfa 1749762677 Dec 30 21:58 silva_prok_rDNA.4.bt2l
-rw-r--r-- 1 jtalbot sfa 3617103160 Dec 30 21:58 silva_prok_rDNA.rev.1.bt2l
-rw-r--r-- 1 jtalbot sfa 3499525364 Dec 30 21:58 silva_prok_rDNA.rev.2.bt2l
    3a. Filtering against silva_euk_rDNA
/opt/modules/centos7/bowtie2/2.3.4.3/bowtie2-align-s: unrecognized option '--fast-end-to-end'
Bowtie 2 version 2.3.4.3 by Ben Langmead (langmea@cs.jhu.edu, www.cs.jhu.edu/~langmea)
Usage: 
  bowtie2 [options]* -x <bt2-idx> {-1 <m1> -2 <m2> | -U <r> | --interleaved <i>} [-S <sam>]

  <bt2-idx>  Index filename prefix (minus trailing .X.bt2).
             NOTE: Bowtie 1 and Bowtie 2 indexes are not compatible.
  <m1>       Files with #1 mates, paired with files in <m2>.
             Could be gzip'ed (extension: .gz) or bzip2'ed (extension: .bz2).
  <m2>       Files with #2 mates, paired with files in <m1>.
             Could be gzip'ed (extension: .gz) or bzip2'ed (extension: .bz2).
  <r>        Files with unpaired reads.
             Could be gzip'ed (extension: .gz) or bzip2'ed (extension: .bz2).
  <i>        Files with interleaved paired-end FASTQ reads
             Could be gzip'ed (extension: .gz) or bzip2'ed (extension: .bz2).
  <sam>      File for SAM output (default: stdout)

  <m1>, <m2>, <r> can be comma-separated lists (no whitespace) and can be
  specified many times.  E.g. '-U file1.fq,file2.fq -U file3.fq'.

Options (defaults in parentheses):

 Input:
  -q                 query input files are FASTQ .fq/.fastq (default)
  --tab5             query input files are TAB5 .tab5
  --tab6             query input files are TAB6 .tab6
  --qseq             query input files are in Illumina's qseq format
  -f                 query input files are (multi-)FASTA .fa/.mfa
  -r                 query input files are raw one-sequence-per-line
  -F k:<int>,i:<int> query input files are continuous FASTA where reads
                     are substrings (k-mers) extracted from a FASTA file <s>
                     and aligned at offsets 1, 1+i, 1+2i ... end of reference
  -c                 <m1>, <m2>, <r> are sequences themselves, not files
  -s/--skip <int>    skip the first <int> reads/pairs in the input (none)
  -u/--upto <int>    stop after first <int> reads/pairs (no limit)
  -5/--trim5 <int>   trim <int> bases from 5'/left end of reads (0)
  -3/--trim3 <int>   trim <int> bases from 3'/right end of reads (0)
  --trim-to [3:|5:]<int> trim reads exceeding <int> bases from either 3' or 5' end
                     If the read end is not specified then it defaults to 3 (0)
  --phred33          qualities are Phred+33 (default)
  --phred64          qualities are Phred+64
  --int-quals        qualities encoded as space-delimited integers

 Presets:                 Same as:
  For --end-to-end:
   --very-fast            -D 5 -R 1 -N 0 -L 22 -i S,0,2.50
   --fast                 -D 10 -R 2 -N 0 -L 22 -i S,0,2.50
   --sensitive            -D 15 -R 2 -N 0 -L 22 -i S,1,1.15 (default)
   --very-sensitive       -D 20 -R 3 -N 0 -L 20 -i S,1,0.50

  For --local:
   --very-fast-local      -D 5 -R 1 -N 0 -L 25 -i S,1,2.00
   --fast-local           -D 10 -R 2 -N 0 -L 22 -i S,1,1.75
   --sensitive-local      -D 15 -R 2 -N 0 -L 20 -i S,1,0.75 (default)
   --very-sensitive-local -D 20 -R 3 -N 0 -L 20 -i S,1,0.50

 Alignment:
  -N <int>           max # mismatches in seed alignment; can be 0 or 1 (0)
  -L <int>           length of seed substrings; must be >3, <32 (22)
  -i <func>          interval between seed substrings w/r/t read len (S,1,1.15)
  --n-ceil <func>    func for max # non-A/C/G/Ts permitted in aln (L,0,0.15)
  --dpad <int>       include <int> extra ref chars on sides of DP table (15)
  --gbar <int>       disallow gaps within <int> nucs of read extremes (4)
  --ignore-quals     treat all quality values as 30 on Phred scale (off)
  --nofw             do not align forward (original) version of read (off)
  --norc             do not align reverse-complement version of read (off)
  --no-1mm-upfront   do not allow 1 mismatch alignments before attempting to
                     scan for the optimal seeded alignments
  --end-to-end       entire read must align; no clipping (on)
   OR
  --local            local alignment; ends might be soft clipped (off)

 Scoring:
  --ma <int>         match bonus (0 for --end-to-end, 2 for --local) 
  --mp <int>         max penalty for mismatch; lower qual = lower penalty (6)
  --np <int>         penalty for non-A/C/G/Ts in read/ref (1)
  --rdg <int>,<int>  read gap open, extend penalties (5,3)
  --rfg <int>,<int>  reference gap open, extend penalties (5,3)
  --score-min <func> min acceptable alignment score w/r/t read length
                     (G,20,8 for local, L,-0.6,-0.6 for end-to-end)

 Reporting:
  (default)          look for multiple alignments, report best, with MAPQ
   OR
  -k <int>           report up to <int> alns per read; MAPQ not meaningful
   OR
  -a/--all           report all alignments; very slow, MAPQ not meaningful

 Effort:
  -D <int>           give up extending after <int> failed extends in a row (15)
  -R <int>           for reads w/ repetitive seeds, try <int> sets of seeds (2)

 Paired-end:
  -I/--minins <int>  minimum fragment length (0)
  -X/--maxins <int>  maximum fragment length (500)
  --fr/--rf/--ff     -1, -2 mates align fw/rev, rev/fw, fw/fw (--fr)
  --no-mixed         suppress unpaired alignments for paired reads
  --no-discordant    suppress discordant alignments for paired reads
  --dovetail         concordant when mates extend past each other
  --no-contain       not concordant when one mate alignment contains other
  --no-overlap       not concordant when mates overlap at all

 Output:
  -t/--time          print wall-clock time taken by search phases
  --un <path>        write unpaired reads that didn't align to <path>
  --al <path>        write unpaired reads that aligned at least once to <path>
  --un-conc <path>   write pairs that didn't align concordantly to <path>
  --al-conc <path>   write pairs that aligned concordantly at least once to <path>
    (Note: for --un, --al, --un-conc, or --al-conc, add '-gz' to the option name, e.g.
    --un-gz <path>, to gzip compress output, or add '-bz2' to bzip2 compress output.)
  --quiet            print nothing to stderr except serious errors
  --met-file <path>  send metrics to file at <path> (off)
  --met-stderr       send metrics to stderr (off)
  --met <int>        report internal counters & metrics every <int> secs (1)
  --no-unal          suppress SAM records for unaligned reads
  --no-head          suppress header lines, i.e. lines starting with @
  --no-sq            suppress @SQ header lines
  --rg-id <text>     set read group id, reflected in @RG line and RG:Z: opt field
  --rg <text>        add <text> ("lab:value") to @RG line of SAM header.
                     Note: @RG line only printed when --rg-id is set.
  --omit-sec-seq     put '*' in SEQ and QUAL fields for secondary alignments.
  --sam-no-qname-trunc Suppress standard behavior of truncating readname at first whitespace 
                      at the expense of generating non-standard SAM.
  --xeq              Use '='/'X', instead of 'M,' to specify matches/mismatches in SAM record.
  --soft-clipped-unmapped-tlen Exclude soft-clipped bases when reporting TLEN

 Performance:
  -p/--threads <int> number of alignment threads to launch (1)
  --reorder          force SAM output order to match order of input reads
  --mm               use memory-mapped I/O for index; many 'bowtie's can share

 Other:
  --qc-filter        filter out reads that are bad according to QSEQ filter
  --seed <int>       seed for random number generator (0)
  --non-deterministic seed rand. gen. arbitrarily instead of using read attributes
  --version          print version information and quit
  -h/--help          print this usage message
Error: Encountered internal Bowtie 2 exception (#1)
Command: /opt/modules/centos7/bowtie2/2.3.4.3/bowtie2-align-s --wrapper basic-0 --phred33 --fast-end-to-end --sam-no-qname-trunc --threads 16 --seed 1143 -x silva_euk_rDNA --passthrough -1 R1.fq -2 R2.fq 
(ERR): bowtie2-align exited with value 1
(ERR): "--passthrough" does not exist or is not a Bowtie 2 index
Exiting now ...
    3b. Preparing for next library
cp: cannot stat '/scratch/151825.gromit/sample/silva_euk_rDNA-sample_R1.fq': No such file or directory
cp: cannot stat '/scratch/151825.gromit/sample/silva_euk_rDNA-sample_R2.fq': No such file or directory
cat: /scratch/151825.gromit/sample/silva_euk_rDNA-sample_R0b.fq: No such file or directory
wc: /scratch/151825.gromit/sample/silva_euk_rDNA-sample_R1.fq: No such file or directory
wc: /scratch/151825.gromit/sample/silva_euk_rDNA-sample_R2.fq: No such file or directory
wc: /scratch/151825.gromit/sample/silva_euk_rDNA-sample_R0b.fq: No such file or directory
rm: cannot remove '/scratch/151825.gromit/sample/silva_euk_rDNA-sample_R1.fq': No such file or directory
rm: cannot remove '/scratch/151825.gromit/sample/silva_euk_rDNA-sample_R2.fq': No such file or directory
rm: cannot remove '/scratch/151825.gromit/sample/silva_euk_rDNA-sample_R0b.fq': No such file or directory
    4a. Filtering against silva_arch_rDNA
/opt/modules/centos7/bowtie2/2.3.4.3/bowtie2-align-s: unrecognized option '--fast-end-to-end'
Bowtie 2 version 2.3.4.3 by Ben Langmead (langmea@cs.jhu.edu, www.cs.jhu.edu/~langmea)
Usage: 
  bowtie2 [options]* -x <bt2-idx> {-1 <m1> -2 <m2> | -U <r> | --interleaved <i>} [-S <sam>]

  <bt2-idx>  Index filename prefix (minus trailing .X.bt2).
             NOTE: Bowtie 1 and Bowtie 2 indexes are not compatible.
  <m1>       Files with #1 mates, paired with files in <m2>.
             Could be gzip'ed (extension: .gz) or bzip2'ed (extension: .bz2).
  <m2>       Files with #2 mates, paired with files in <m1>.
             Could be gzip'ed (extension: .gz) or bzip2'ed (extension: .bz2).
  <r>        Files with unpaired reads.
             Could be gzip'ed (extension: .gz) or bzip2'ed (extension: .bz2).
  <i>        Files with interleaved paired-end FASTQ reads
             Could be gzip'ed (extension: .gz) or bzip2'ed (extension: .bz2).
  <sam>      File for SAM output (default: stdout)

  <m1>, <m2>, <r> can be comma-separated lists (no whitespace) and can be
  specified many times.  E.g. '-U file1.fq,file2.fq -U file3.fq'.

Options (defaults in parentheses):

 Input:
  -q                 query input files are FASTQ .fq/.fastq (default)
  --tab5             query input files are TAB5 .tab5
  --tab6             query input files are TAB6 .tab6
  --qseq             query input files are in Illumina's qseq format
  -f                 query input files are (multi-)FASTA .fa/.mfa
  -r                 query input files are raw one-sequence-per-line
  -F k:<int>,i:<int> query input files are continuous FASTA where reads
                     are substrings (k-mers) extracted from a FASTA file <s>
                     and aligned at offsets 1, 1+i, 1+2i ... end of reference
  -c                 <m1>, <m2>, <r> are sequences themselves, not files
  -s/--skip <int>    skip the first <int> reads/pairs in the input (none)
  -u/--upto <int>    stop after first <int> reads/pairs (no limit)
  -5/--trim5 <int>   trim <int> bases from 5'/left end of reads (0)
  -3/--trim3 <int>   trim <int> bases from 3'/right end of reads (0)
  --trim-to [3:|5:]<int> trim reads exceeding <int> bases from either 3' or 5' end
                     If the read end is not specified then it defaults to 3 (0)
  --phred33          qualities are Phred+33 (default)
  --phred64          qualities are Phred+64
  --int-quals        qualities encoded as space-delimited integers

 Presets:                 Same as:
  For --end-to-end:
   --very-fast            -D 5 -R 1 -N 0 -L 22 -i S,0,2.50
   --fast                 -D 10 -R 2 -N 0 -L 22 -i S,0,2.50
   --sensitive            -D 15 -R 2 -N 0 -L 22 -i S,1,1.15 (default)
   --very-sensitive       -D 20 -R 3 -N 0 -L 20 -i S,1,0.50

  For --local:
   --very-fast-local      -D 5 -R 1 -N 0 -L 25 -i S,1,2.00
   --fast-local           -D 10 -R 2 -N 0 -L 22 -i S,1,1.75
   --sensitive-local      -D 15 -R 2 -N 0 -L 20 -i S,1,0.75 (default)
   --very-sensitive-local -D 20 -R 3 -N 0 -L 20 -i S,1,0.50

 Alignment:
  -N <int>           max # mismatches in seed alignment; can be 0 or 1 (0)
  -L <int>           length of seed substrings; must be >3, <32 (22)
  -i <func>          interval between seed substrings w/r/t read len (S,1,1.15)
  --n-ceil <func>    func for max # non-A/C/G/Ts permitted in aln (L,0,0.15)
  --dpad <int>       include <int> extra ref chars on sides of DP table (15)
  --gbar <int>       disallow gaps within <int> nucs of read extremes (4)
  --ignore-quals     treat all quality values as 30 on Phred scale (off)
  --nofw             do not align forward (original) version of read (off)
  --norc             do not align reverse-complement version of read (off)
  --no-1mm-upfront   do not allow 1 mismatch alignments before attempting to
                     scan for the optimal seeded alignments
  --end-to-end       entire read must align; no clipping (on)
   OR
  --local            local alignment; ends might be soft clipped (off)

 Scoring:
  --ma <int>         match bonus (0 for --end-to-end, 2 for --local) 
  --mp <int>         max penalty for mismatch; lower qual = lower penalty (6)
  --np <int>         penalty for non-A/C/G/Ts in read/ref (1)
  --rdg <int>,<int>  read gap open, extend penalties (5,3)
  --rfg <int>,<int>  reference gap open, extend penalties (5,3)
  --score-min <func> min acceptable alignment score w/r/t read length
                     (G,20,8 for local, L,-0.6,-0.6 for end-to-end)

 Reporting:
  (default)          look for multiple alignments, report best, with MAPQ
   OR
  -k <int>           report up to <int> alns per read; MAPQ not meaningful
   OR
  -a/--all           report all alignments; very slow, MAPQ not meaningful

 Effort:
  -D <int>           give up extending after <int> failed extends in a row (15)
  -R <int>           for reads w/ repetitive seeds, try <int> sets of seeds (2)

 Paired-end:
  -I/--minins <int>  minimum fragment length (0)
  -X/--maxins <int>  maximum fragment length (500)
  --fr/--rf/--ff     -1, -2 mates align fw/rev, rev/fw, fw/fw (--fr)
  --no-mixed         suppress unpaired alignments for paired reads
  --no-discordant    suppress discordant alignments for paired reads
  --dovetail         concordant when mates extend past each other
  --no-contain       not concordant when one mate alignment contains other
  --no-overlap       not concordant when mates overlap at all

 Output:
  -t/--time          print wall-clock time taken by search phases
  --un <path>        write unpaired reads that didn't align to <path>
  --al <path>        write unpaired reads that aligned at least once to <path>
  --un-conc <path>   write pairs that didn't align concordantly to <path>
  --al-conc <path>   write pairs that aligned concordantly at least once to <path>
    (Note: for --un, --al, --un-conc, or --al-conc, add '-gz' to the option name, e.g.
    --un-gz <path>, to gzip compress output, or add '-bz2' to bzip2 compress output.)
  --quiet            print nothing to stderr except serious errors
  --met-file <path>  send metrics to file at <path> (off)
  --met-stderr       send metrics to stderr (off)
  --met <int>        report internal counters & metrics every <int> secs (1)
  --no-unal          suppress SAM records for unaligned reads
  --no-head          suppress header lines, i.e. lines starting with @
  --no-sq            suppress @SQ header lines
  --rg-id <text>     set read group id, reflected in @RG line and RG:Z: opt field
  --rg <text>        add <text> ("lab:value") to @RG line of SAM header.
                     Note: @RG line only printed when --rg-id is set.
  --omit-sec-seq     put '*' in SEQ and QUAL fields for secondary alignments.
  --sam-no-qname-trunc Suppress standard behavior of truncating readname at first whitespace 
                      at the expense of generating non-standard SAM.
  --xeq              Use '='/'X', instead of 'M,' to specify matches/mismatches in SAM record.
  --soft-clipped-unmapped-tlen Exclude soft-clipped bases when reporting TLEN

 Performance:
  -p/--threads <int> number of alignment threads to launch (1)
  --reorder          force SAM output order to match order of input reads
  --mm               use memory-mapped I/O for index; many 'bowtie's can share

 Other:
  --qc-filter        filter out reads that are bad according to QSEQ filter
  --seed <int>       seed for random number generator (0)
  --non-deterministic seed rand. gen. arbitrarily instead of using read attributes
  --version          print version information and quit
  -h/--help          print this usage message
Error: Encountered internal Bowtie 2 exception (#1)
Command: /opt/modules/centos7/bowtie2/2.3.4.3/bowtie2-align-s --wrapper basic-0 --phred33 --fast-end-to-end --sam-no-qname-trunc --threads 16 --seed 1143 -x silva_arch_rDNA --passthrough -1 R1.fq -2 R2.fq 
(ERR): bowtie2-align exited with value 1
(ERR): "--passthrough" does not exist or is not a Bowtie 2 index
Exiting now ...
    4b. Preparing for next library
cp: cannot stat '/scratch/151825.gromit/sample/silva_arch_rDNA-sample_R1.fq': No such file or directory
cp: cannot stat '/scratch/151825.gromit/sample/silva_arch_rDNA-sample_R2.fq': No such file or directory
cat: /scratch/151825.gromit/sample/silva_arch_rDNA-sample_R0b.fq: No such file or directory
wc: /scratch/151825.gromit/sample/silva_arch_rDNA-sample_R1.fq: No such file or directory
wc: /scratch/151825.gromit/sample/silva_arch_rDNA-sample_R2.fq: No such file or directory
wc: /scratch/151825.gromit/sample/silva_arch_rDNA-sample_R0b.fq: No such file or directory
rm: cannot remove '/scratch/151825.gromit/sample/silva_arch_rDNA-sample_R1.fq': No such file or directory
rm: cannot remove '/scratch/151825.gromit/sample/silva_arch_rDNA-sample_R2.fq': No such file or directory
rm: cannot remove '/scratch/151825.gromit/sample/silva_arch_rDNA-sample_R0b.fq': No such file or directory
    5a. Filtering against silva_prok_rDNA
/opt/modules/centos7/bowtie2/2.3.4.3/bowtie2-align-l: unrecognized option '--fast-end-to-end'
Bowtie 2 version 2.3.4.3 by Ben Langmead (langmea@cs.jhu.edu, www.cs.jhu.edu/~langmea)
Usage: 
  bowtie2 [options]* -x <bt2-idx> {-1 <m1> -2 <m2> | -U <r> | --interleaved <i>} [-S <sam>]

  <bt2-idx>  Index filename prefix (minus trailing .X.bt2l).
             NOTE: Bowtie 1 and Bowtie 2 indexes are not compatible.
  <m1>       Files with #1 mates, paired with files in <m2>.
             Could be gzip'ed (extension: .gz) or bzip2'ed (extension: .bz2).
  <m2>       Files with #2 mates, paired with files in <m1>.
             Could be gzip'ed (extension: .gz) or bzip2'ed (extension: .bz2).
  <r>        Files with unpaired reads.
             Could be gzip'ed (extension: .gz) or bzip2'ed (extension: .bz2).
  <i>        Files with interleaved paired-end FASTQ reads
             Could be gzip'ed (extension: .gz) or bzip2'ed (extension: .bz2).
  <sam>      File for SAM output (default: stdout)

  <m1>, <m2>, <r> can be comma-separated lists (no whitespace) and can be
  specified many times.  E.g. '-U file1.fq,file2.fq -U file3.fq'.

Options (defaults in parentheses):

 Input:
  -q                 query input files are FASTQ .fq/.fastq (default)
  --tab5             query input files are TAB5 .tab5
  --tab6             query input files are TAB6 .tab6
  --qseq             query input files are in Illumina's qseq format
  -f                 query input files are (multi-)FASTA .fa/.mfa
  -r                 query input files are raw one-sequence-per-line
  -F k:<int>,i:<int> query input files are continuous FASTA where reads
                     are substrings (k-mers) extracted from a FASTA file <s>
                     and aligned at offsets 1, 1+i, 1+2i ... end of reference
  -c                 <m1>, <m2>, <r> are sequences themselves, not files
  -s/--skip <int>    skip the first <int> reads/pairs in the input (none)
  -u/--upto <int>    stop after first <int> reads/pairs (no limit)
  -5/--trim5 <int>   trim <int> bases from 5'/left end of reads (0)
  -3/--trim3 <int>   trim <int> bases from 3'/right end of reads (0)
  --trim-to [3:|5:]<int> trim reads exceeding <int> bases from either 3' or 5' end
                     If the read end is not specified then it defaults to 3 (0)
  --phred33          qualities are Phred+33 (default)
  --phred64          qualities are Phred+64
  --int-quals        qualities encoded as space-delimited integers

 Presets:                 Same as:
  For --end-to-end:
   --very-fast            -D 5 -R 1 -N 0 -L 22 -i S,0,2.50
   --fast                 -D 10 -R 2 -N 0 -L 22 -i S,0,2.50
   --sensitive            -D 15 -R 2 -N 0 -L 22 -i S,1,1.15 (default)
   --very-sensitive       -D 20 -R 3 -N 0 -L 20 -i S,1,0.50

  For --local:
   --very-fast-local      -D 5 -R 1 -N 0 -L 25 -i S,1,2.00
   --fast-local           -D 10 -R 2 -N 0 -L 22 -i S,1,1.75
   --sensitive-local      -D 15 -R 2 -N 0 -L 20 -i S,1,0.75 (default)
   --very-sensitive-local -D 20 -R 3 -N 0 -L 20 -i S,1,0.50

 Alignment:
  -N <int>           max # mismatches in seed alignment; can be 0 or 1 (0)
  -L <int>           length of seed substrings; must be >3, <32 (22)
  -i <func>          interval between seed substrings w/r/t read len (S,1,1.15)
  --n-ceil <func>    func for max # non-A/C/G/Ts permitted in aln (L,0,0.15)
  --dpad <int>       include <int> extra ref chars on sides of DP table (15)
  --gbar <int>       disallow gaps within <int> nucs of read extremes (4)
  --ignore-quals     treat all quality values as 30 on Phred scale (off)
  --nofw             do not align forward (original) version of read (off)
  --norc             do not align reverse-complement version of read (off)
  --no-1mm-upfront   do not allow 1 mismatch alignments before attempting to
                     scan for the optimal seeded alignments
  --end-to-end       entire read must align; no clipping (on)
   OR
  --local            local alignment; ends might be soft clipped (off)

 Scoring:
  --ma <int>         match bonus (0 for --end-to-end, 2 for --local) 
  --mp <int>         max penalty for mismatch; lower qual = lower penalty (6)
  --np <int>         penalty for non-A/C/G/Ts in read/ref (1)
  --rdg <int>,<int>  read gap open, extend penalties (5,3)
  --rfg <int>,<int>  reference gap open, extend penalties (5,3)
  --score-min <func> min acceptable alignment score w/r/t read length
                     (G,20,8 for local, L,-0.6,-0.6 for end-to-end)

 Reporting:
  (default)          look for multiple alignments, report best, with MAPQ
   OR
  -k <int>           report up to <int> alns per read; MAPQ not meaningful
   OR
  -a/--all           report all alignments; very slow, MAPQ not meaningful

 Effort:
  -D <int>           give up extending after <int> failed extends in a row (15)
  -R <int>           for reads w/ repetitive seeds, try <int> sets of seeds (2)

 Paired-end:
  -I/--minins <int>  minimum fragment length (0)
  -X/--maxins <int>  maximum fragment length (500)
  --fr/--rf/--ff     -1, -2 mates align fw/rev, rev/fw, fw/fw (--fr)
  --no-mixed         suppress unpaired alignments for paired reads
  --no-discordant    suppress discordant alignments for paired reads
  --dovetail         concordant when mates extend past each other
  --no-contain       not concordant when one mate alignment contains other
  --no-overlap       not concordant when mates overlap at all

 Output:
  -t/--time          print wall-clock time taken by search phases
  --un <path>        write unpaired reads that didn't align to <path>
  --al <path>        write unpaired reads that aligned at least once to <path>
  --un-conc <path>   write pairs that didn't align concordantly to <path>
  --al-conc <path>   write pairs that aligned concordantly at least once to <path>
    (Note: for --un, --al, --un-conc, or --al-conc, add '-gz' to the option name, e.g.
    --un-gz <path>, to gzip compress output, or add '-bz2' to bzip2 compress output.)
  --quiet            print nothing to stderr except serious errors
  --met-file <path>  send metrics to file at <path> (off)
  --met-stderr       send metrics to stderr (off)
  --met <int>        report internal counters & metrics every <int> secs (1)
  --no-unal          suppress SAM records for unaligned reads
  --no-head          suppress header lines, i.e. lines starting with @
  --no-sq            suppress @SQ header lines
  --rg-id <text>     set read group id, reflected in @RG line and RG:Z: opt field
  --rg <text>        add <text> ("lab:value") to @RG line of SAM header.
                     Note: @RG line only printed when --rg-id is set.
  --omit-sec-seq     put '*' in SEQ and QUAL fields for secondary alignments.
  --sam-no-qname-trunc Suppress standard behavior of truncating readname at first whitespace 
                      at the expense of generating non-standard SAM.
  --xeq              Use '='/'X', instead of 'M,' to specify matches/mismatches in SAM record.
  --soft-clipped-unmapped-tlen Exclude soft-clipped bases when reporting TLEN

 Performance:
  -p/--threads <int> number of alignment threads to launch (1)
  --reorder          force SAM output order to match order of input reads
  --mm               use memory-mapped I/O for index; many 'bowtie's can share

 Other:
  --qc-filter        filter out reads that are bad according to QSEQ filter
  --seed <int>       seed for random number generator (0)
  --non-deterministic seed rand. gen. arbitrarily instead of using read attributes
  --version          print version information and quit
  -h/--help          print this usage message
Error: Encountered internal Bowtie 2 exception (#1)
Command: /opt/modules/centos7/bowtie2/2.3.4.3/bowtie2-align-l --wrapper basic-0 --phred33 --fast-end-to-end --sam-no-qname-trunc --threads 16 --seed 1143 -x silva_prok_rDNA --passthrough -1 R1.fq -2 R2.fq 
(ERR): bowtie2-align exited with value 1
(ERR): "--passthrough" does not exist or is not a Bowtie 2 index
Exiting now ...
    5b. Preparing for next library
cp: cannot stat '/scratch/151825.gromit/sample/silva_prok_rDNA-sample_R1.fq': No such file or directory
cp: cannot stat '/scratch/151825.gromit/sample/silva_prok_rDNA-sample_R2.fq': No such file or directory
cat: /scratch/151825.gromit/sample/silva_prok_rDNA-sample_R0b.fq: No such file or directory
wc: /scratch/151825.gromit/sample/silva_prok_rDNA-sample_R1.fq: No such file or directory
wc: /scratch/151825.gromit/sample/silva_prok_rDNA-sample_R2.fq: No such file or directory
wc: /scratch/151825.gromit/sample/silva_prok_rDNA-sample_R0b.fq: No such file or directory
rm: cannot remove '/scratch/151825.gromit/sample/silva_prok_rDNA-sample_R1.fq': No such file or directory
rm: cannot remove '/scratch/151825.gromit/sample/silva_prok_rDNA-sample_R2.fq': No such file or directory
rm: cannot remove '/scratch/151825.gromit/sample/silva_prok_rDNA-sample_R0b.fq': No such file or directory
    6a. Filtering against camel_gDNA
(ERR): "camel_gDNA" does not exist or is not a Bowtie 2 index
Exiting now ...
(ERR): "--passthrough" does not exist or is not a Bowtie 2 index
Exiting now ...
    6b. Preparing for next library
cp: cannot stat '/scratch/151825.gromit/sample/camel_gDNA-sample_R1.fq': No such file or directory
cp: cannot stat '/scratch/151825.gromit/sample/camel_gDNA-sample_R2.fq': No such file or directory
cat: /scratch/151825.gromit/sample/camel_gDNA-sample_R0a.fq: No such file or directory
cat: /scratch/151825.gromit/sample/camel_gDNA-sample_R0b.fq: No such file or directory
wc: /scratch/151825.gromit/sample/camel_gDNA-sample_R1.fq: No such file or directory
wc: /scratch/151825.gromit/sample/camel_gDNA-sample_R2.fq: No such file or directory
wc: /scratch/151825.gromit/sample/camel_gDNA-sample_R0a.fq: No such file or directory
wc: /scratch/151825.gromit/sample/camel_gDNA-sample_R0b.fq: No such file or directory
rm: cannot remove '/scratch/151825.gromit/sample/camel_gDNA-sample_R1.fq': No such file or directory
rm: cannot remove '/scratch/151825.gromit/sample/camel_gDNA-sample_R2.fq': No such file or directory
rm: cannot remove '/scratch/151825.gromit/sample/camel_gDNA-sample_R0a.fq': No such file or directory
rm: cannot remove '/scratch/151825.gromit/sample/camel_gDNA-sample_R0b.fq': No such file or directory
cp: cannot stat '/scratch/151825.gromit/sample/*.sam': No such file or directory
rm: cannot remove '/scratch/151825.gromit/sample/*.sam': No such file or directory
    7a. Filtering against carp_gDNA
(ERR): "carp_gDNA" does not exist or is not a Bowtie 2 index
Exiting now ...
(ERR): "--passthrough" does not exist or is not a Bowtie 2 index
Exiting now ...
    7b. Preparing for next library
cp: cannot stat '/scratch/151825.gromit/sample/carp_gDNA-sample_R1.fq': No such file or directory
cp: cannot stat '/scratch/151825.gromit/sample/carp_gDNA-sample_R2.fq': No such file or directory
cat: /scratch/151825.gromit/sample/carp_gDNA-sample_R0a.fq: No such file or directory
cat: /scratch/151825.gromit/sample/carp_gDNA-sample_R0b.fq: No such file or directory
wc: /scratch/151825.gromit/sample/carp_gDNA-sample_R1.fq: No such file or directory
wc: /scratch/151825.gromit/sample/carp_gDNA-sample_R2.fq: No such file or directory
wc: /scratch/151825.gromit/sample/carp_gDNA-sample_R0a.fq: No such file or directory
wc: /scratch/151825.gromit/sample/carp_gDNA-sample_R0b.fq: No such file or directory
rm: cannot remove '/scratch/151825.gromit/sample/carp_gDNA-sample_R1.fq': No such file or directory
rm: cannot remove '/scratch/151825.gromit/sample/carp_gDNA-sample_R2.fq': No such file or directory
rm: cannot remove '/scratch/151825.gromit/sample/carp_gDNA-sample_R0a.fq': No such file or directory
rm: cannot remove '/scratch/151825.gromit/sample/carp_gDNA-sample_R0b.fq': No such file or directory
cp: cannot stat '/scratch/151825.gromit/sample/*.sam': No such file or directory
rm: cannot remove '/scratch/151825.gromit/sample/*.sam': No such file or directory
    8a. Filtering against mosaic_virus_gDNA
(ERR): "mosaic_virus_gDNA" does not exist or is not a Bowtie 2 index
Exiting now ...
(ERR): "--passthrough" does not exist or is not a Bowtie 2 index
Exiting now ...
    8b. Preparing for next library
cp: cannot stat '/scratch/151825.gromit/sample/mosaic_virus_gDNA-sample_R1.fq': No such file or directory
cp: cannot stat '/scratch/151825.gromit/sample/mosaic_virus_gDNA-sample_R2.fq': No such file or directory
cat: /scratch/151825.gromit/sample/mosaic_virus_gDNA-sample_R0a.fq: No such file or directory
cat: /scratch/151825.gromit/sample/mosaic_virus_gDNA-sample_R0b.fq: No such file or directory
wc: /scratch/151825.gromit/sample/mosaic_virus_gDNA-sample_R1.fq: No such file or directory
wc: /scratch/151825.gromit/sample/mosaic_virus_gDNA-sample_R2.fq: No such file or directory
wc: /scratch/151825.gromit/sample/mosaic_virus_gDNA-sample_R0a.fq: No such file or directory
wc: /scratch/151825.gromit/sample/mosaic_virus_gDNA-sample_R0b.fq: No such file or directory
rm: cannot remove '/scratch/151825.gromit/sample/mosaic_virus_gDNA-sample_R1.fq': No such file or directory
rm: cannot remove '/scratch/151825.gromit/sample/mosaic_virus_gDNA-sample_R2.fq': No such file or directory
rm: cannot remove '/scratch/151825.gromit/sample/mosaic_virus_gDNA-sample_R0a.fq': No such file or directory
rm: cannot remove '/scratch/151825.gromit/sample/mosaic_virus_gDNA-sample_R0b.fq': No such file or directory
cp: cannot stat '/scratch/151825.gromit/sample/*.sam': No such file or directory
rm: cannot remove '/scratch/151825.gromit/sample/*.sam': No such file or directory
    9. Moving final filtered sequences to /nfs3-home/jtalbot/ISH2019_CamelRumenRNASeqAnalysis/analysis/../data/filtered_reads/

************************************************************************
Finished filtering sequences
************************************************************************
Finished Script: Mon Dec 30 21:59:25 EST 2019
